<?xml version="1.0" encoding="UTF-8"?>
<!-- Generated by org.testng.reporters.JUnitReportReporter -->
<testsuite hostname="DESKTOP-G8O6OG0" failures="0" tests="1" name="com.MyTests.D02DemoTestNGClass" time="0.025" errors="0" timestamp="2024-06-26T22:13:35 IST" skipped="0">
  <testcase classname="com.MyTests.D02DemoTestNGClass" name="f" time="0.025"/>
</testsuite> <!-- com.MyTests.D02DemoTestNGClass -->
