<?xml version="1.0" encoding="UTF-8"?>
<!-- Generated by org.testng.reporters.JUnitReportReporter -->
<testsuite hostname="DESKTOP-G8O6OG0" failures="0" tests="4" name="com.MyTests.D04DataDrivenTesting" time="10.325" errors="0" timestamp="2024-06-27T20:50:08 IST" skipped="0">
  <testcase classname="com.MyTests.D04DataDrivenTesting" name="getData" time="1.715"/>
  <testcase classname="com.MyTests.D04DataDrivenTesting" name="getData" time="1.721"/>
  <testcase classname="com.MyTests.D04DataDrivenTesting" name="getData" time="3.640"/>
  <testcase classname="com.MyTests.D04DataDrivenTesting" name="getData" time="3.249"/>
</testsuite> <!-- com.MyTests.D04DataDrivenTesting -->
