<?xml version="1.0" encoding="UTF-8"?>
<!-- Generated by org.testng.reporters.JUnitReportReporter -->
<testsuite hostname="DESKTOP-G8O6OG0" failures="0" tests="6" name="com.TestNGDemos.D14LoginToOHRM_DDF" time="12.797" errors="0" timestamp="2024-06-26T21:05:44 IST" skipped="0">
  <testcase classname="com.TestNGDemos.D14LoginToOHRM_DDF" name="loginToOHRM" time="4.113"/>
  <testcase classname="com.TestNGDemos.D14LoginToOHRM_DDF" name="loginToOHRM" time="1.643"/>
  <testcase classname="com.TestNGDemos.D14LoginToOHRM_DDF" name="loginToOHRM" time="1.673"/>
  <testcase classname="com.TestNGDemos.D14LoginToOHRM_DDF" name="loginToOHRM" time="1.281"/>
  <testcase classname="com.TestNGDemos.D14LoginToOHRM_DDF" name="loginToOHRM" time="2.469"/>
  <testcase classname="com.TestNGDemos.D14LoginToOHRM_DDF" name="loginToOHRM" time="1.618"/>
</testsuite> <!-- com.TestNGDemos.D14LoginToOHRM_DDF -->
