<?xml version="1.0" encoding="UTF-8"?>
<!-- Generated by org.testng.reporters.JUnitReportReporter -->
<testsuite hostname="DESKTOP-G8O6OG0" failures="0" tests="4" name="com.TestNGDemos.D04BeforeAfter_Method" time="9.083" errors="0" timestamp="2024-06-19T21:40:36 IST" skipped="0">
  <testcase classname="com.TestNGDemos.D04BeforeAfter_Method" name="openMeesho" time="0.365"/>
  <testcase classname="com.TestNGDemos.D04BeforeAfter_Method" name="openMyntra" time="2.655"/>
  <testcase classname="com.TestNGDemos.D04BeforeAfter_Method" name="openFlipkart" time="3.739"/>
  <testcase classname="com.TestNGDemos.D04BeforeAfter_Method" name="openDecathlon" time="2.324"/>
</testsuite> <!-- com.TestNGDemos.D04BeforeAfter_Method -->
