<?xml version="1.0" encoding="UTF-8"?>
<!-- Generated by org.testng.reporters.JUnitReportReporter -->
<testsuite hostname="DESKTOP-G8O6OG0" failures="0" tests="4" name="com.TestNGDemos.D05AmazinAssignment" time="17.698" errors="0" timestamp="2024-06-20T21:21:26 IST" skipped="1">
  <testcase classname="com.TestNGDemos.D05AmazinAssignment" name="clickOnSell" time="4.294"/>
  <testcase classname="com.TestNGDemos.D05AmazinAssignment" name="clickOnBestSeller" time="5.490"/>
  <testcase classname="com.TestNGDemos.D05AmazinAssignment" name="clickOnMobile" time="7.914"/>
  <testcase classname="com.TestNGDemos.D05AmazinAssignment" name="clickOnElectronics">
    <skipped/>
  </testcase> <!-- clickOnElectronics -->
</testsuite> <!-- com.TestNGDemos.D05AmazinAssignment -->
