<?xml version="1.0" encoding="UTF-8"?>
<!-- Generated by org.testng.reporters.JUnitReportReporter -->
<testsuite hostname="DESKTOP-G8O6OG0" failures="0" tests="1" name="com.TestNGDemos.D11WriteToExcel" time="0.115" errors="0" timestamp="2024-06-25T21:23:47 IST" skipped="0">
  <testcase classname="com.TestNGDemos.D11WriteToExcel" name="writeData" time="0.115"/>
</testsuite> <!-- com.TestNGDemos.D11WriteToExcel -->
