<?xml version="1.0" encoding="UTF-8"?>
<!-- Generated by org.testng.reporters.JUnitReportReporter -->
<testsuite hostname="DESKTOP-G8O6OG0" failures="0" tests="4" name="com.TestNGDemos.D03Before_AfterTest" time="10.058" errors="0" timestamp="2024-06-19T21:36:02 IST" skipped="0">
  <testcase classname="com.TestNGDemos.D03Before_AfterTest" name="openMeesho" time="1.747"/>
  <testcase classname="com.TestNGDemos.D03Before_AfterTest" name="openMyntra" time="2.923"/>
  <testcase classname="com.TestNGDemos.D03Before_AfterTest" name="openFlipkart" time="3.263"/>
  <testcase classname="com.TestNGDemos.D03Before_AfterTest" name="openDecathlon" time="2.125"/>
</testsuite> <!-- com.TestNGDemos.D03Before_AfterTest -->
