<?xml version="1.0" encoding="UTF-8"?>
<!-- Generated by org.testng.reporters.JUnitReportReporter -->
<testsuite hostname="DESKTOP-G8O6OG0" failures="0" tests="2" name="com.TestNGDemos.D13ReadFromExcel" time="0.020" errors="0" timestamp="2024-06-25T22:13:08 IST" skipped="1">
  <testcase classname="com.TestNGDemos.D13ReadFromExcel" name="readAllData" time="0.020"/>
  <testcase classname="com.TestNGDemos.D13ReadFromExcel" name="readData">
    <skipped/>
  </testcase> <!-- readData -->
</testsuite> <!-- com.TestNGDemos.D13ReadFromExcel -->
