<?xml version="1.0" encoding="UTF-8"?>
<!-- Generated by org.testng.reporters.JUnitReportReporter -->
<testsuite hostname="DESKTOP-G8O6OG0" failures="0" tests="1" name="com.TestNGDemos.D09KeywordDrivenFramework" time="2.504" errors="0" timestamp="2024-06-21T21:05:09 IST" skipped="0">
  <testcase classname="com.TestNGDemos.D09KeywordDrivenFramework" name="login" time="2.504"/>
</testsuite> <!-- com.TestNGDemos.D09KeywordDrivenFramework -->
