<?xml version="1.0" encoding="UTF-8"?>
<!-- Generated by org.testng.reporters.JUnitReportReporter -->
<testsuite hostname="DESKTOP-G8O6OG0" failures="0" tests="3" name="com.Assignments.A09OHRM_LoginLogout" time="9.804" errors="0" timestamp="2024-06-19T22:08:02 IST" skipped="0">
  <testcase classname="com.Assignments.A09OHRM_LoginLogout" name="login1" time="6.702"/>
  <testcase classname="com.Assignments.A09OHRM_LoginLogout" name="login3" time="1.353"/>
  <testcase classname="com.Assignments.A09OHRM_LoginLogout" name="login2" time="1.749"/>
</testsuite> <!-- com.Assignments.A09OHRM_LoginLogout -->
