<?xml version="1.0" encoding="UTF-8"?>
<!-- Generated by org.testng.reporters.JUnitReportReporter -->
<testsuite hostname="DESKTOP-G8O6OG0" failures="0" tests="1" name="com.TestNGDemos.D11OHRM_Login_Client" time="4.272" errors="0" timestamp="2024-06-21T21:47:44 IST" skipped="0">
  <testcase classname="com.TestNGDemos.D11OHRM_Login_Client" name="f" time="4.272"/>
</testsuite> <!-- com.TestNGDemos.D11OHRM_Login_Client -->
