<?xml version="1.0" encoding="UTF-8"?>
<!-- Generated by org.testng.reporters.JUnitReportReporter -->
<testsuite hostname="DESKTOP-G8O6OG0" failures="0" tests="4" name="com.TestNGDemos.D12CreateLoginFile" time="0.055" errors="0" timestamp="2024-06-25T21:49:05 IST" skipped="0">
  <testcase classname="com.TestNGDemos.D12CreateLoginFile" name="createLoginData" time="0.015"/>
  <testcase classname="com.TestNGDemos.D12CreateLoginFile" name="createLoginData" time="0.006"/>
  <testcase classname="com.TestNGDemos.D12CreateLoginFile" name="createLoginData" time="0.018"/>
  <testcase classname="com.TestNGDemos.D12CreateLoginFile" name="createLoginData" time="0.016"/>
</testsuite> <!-- com.TestNGDemos.D12CreateLoginFile -->
