<?xml version="1.0" encoding="UTF-8"?>
<!-- Generated by org.testng.reporters.JUnitReportReporter -->
<testsuite hostname="DESKTOP-G8O6OG0" failures="0" tests="5" name="com.TestNGDemos.D06DataDrivenTesting" time="11.472" errors="0" timestamp="2024-06-20T20:50:32 IST" skipped="0">
  <testcase classname="com.TestNGDemos.D06DataDrivenTesting" name="loginToOHRM" time="2.060"/>
  <testcase classname="com.TestNGDemos.D06DataDrivenTesting" name="loginToOHRM" time="1.534"/>
  <testcase classname="com.TestNGDemos.D06DataDrivenTesting" name="loginToOHRM" time="3.495"/>
  <testcase classname="com.TestNGDemos.D06DataDrivenTesting" name="loginToOHRM" time="1.569"/>
  <testcase classname="com.TestNGDemos.D06DataDrivenTesting" name="loginToOHRM" time="2.814"/>
</testsuite> <!-- com.TestNGDemos.D06DataDrivenTesting -->
