<?xml version="1.0" encoding="UTF-8"?>
<!-- Generated by org.testng.reporters.JUnitReportReporter -->
<testsuite hostname="DESKTOP-G8O6OG0" failures="0" tests="1" name="com.TestNGDemos.RediffCreateAccount" time="2.695" errors="0" timestamp="2024-06-21T21:22:08 IST" skipped="0">
  <testcase classname="com.TestNGDemos.RediffCreateAccount" name="createAccount" time="2.695"/>
</testsuite> <!-- com.TestNGDemos.RediffCreateAccount -->
