<?xml version="1.0" encoding="UTF-8"?>
<!-- Generated by org.testng.reporters.JUnitReportReporter -->
<testsuite hostname="DESKTOP-G8O6OG0" failures="0" tests="1" name="com.TestNGDemos.D10POM_Client" time="2.896" errors="0" timestamp="2024-06-21T21:33:51 IST" skipped="0">
  <testcase classname="com.TestNGDemos.D10POM_Client" name="createAccount" time="2.896"/>
</testsuite> <!-- com.TestNGDemos.D10POM_Client -->
