<?xml version="1.0" encoding="UTF-8"?>
<!-- Generated by org.testng.reporters.JUnitReportReporter -->
<testsuite hostname="DESKTOP-G8O6OG0" failures="0" tests="1" name="com.TestNGDemos.D01FirstTest" time="5.991" errors="0" timestamp="2024-06-19T20:39:24 IST" skipped="0">
  <testcase classname="com.TestNGDemos.D01FirstTest" name="openMeesho" time="5.991"/>
</testsuite> <!-- com.TestNGDemos.D01FirstTest -->
