<?xml version="1.0" encoding="UTF-8"?>
<!-- Generated by org.testng.reporters.JUnitReportReporter -->
<testsuite hostname="DESKTOP-G8O6OG0" failures="0" tests="4" name="com.TestNGDemos.D02MultipleTests" time="67.081" errors="0" timestamp="2024-06-19T20:59:02 IST" skipped="0">
  <testcase classname="com.TestNGDemos.D02MultipleTests" name="openMeesho" time="6.894"/>
  <testcase classname="com.TestNGDemos.D02MultipleTests" name="openMyntra" time="47.468"/>
  <testcase classname="com.TestNGDemos.D02MultipleTests" name="openFlipkart" time="6.669"/>
  <testcase classname="com.TestNGDemos.D02MultipleTests" name="openDecathlon" time="6.050"/>
</testsuite> <!-- com.TestNGDemos.D02MultipleTests -->
